# JRE version: OpenJDK Runtime Environment (8.0_76-b03) (build 1.8.0_76-release-b03)
# Java VM: OpenJDK 64-Bit Server VM (25.76-b03 mixed mode windows-amd64 compressed oops)
Heap:
 PSYoungGen      total 128512K, used 48583K [0x00000000e0000000, 0x00000000e9700000, 0x0000000100000000)
  eden space 116736K, 41% used [0x00000000e0000000,0x00000000e2f71c50,0x00000000e7200000)
  from space 11776K, 0% used [0x00000000e7d80000,0x00000000e7d80000,0x00000000e8900000)
  to   space 11776K, 0% used [0x00000000e7200000,0x00000000e7200000,0x00000000e7d80000)
 ParOldGen       total 99328K, used 15488K [0x00000000a0000000, 0x00000000a6100000, 0x00000000e0000000)
  object space 99328K, 15% used [0x00000000a0000000,0x00000000a0f20078,0x00000000a6100000)
 Metaspace       used 36791K, capacity 37722K, committed 38064K, reserved 1081344K
  class space    used 4938K, capacity 5171K, committed 5296K, reserved 1048576K
GC Heap History (10 events):
Event: 6.808 GC heap before
{Heap before GC invocations=6 (full 1):
 PSYoungGen      total 71680K, used 66560K [0x00000000e0000000, 0x00000000e4b00000, 0x0000000100000000)
  eden space 66560K, 100% used [0x00000000e0000000,0x00000000e4100000,0x00000000e4100000)
  from space 5120K, 0% used [0x00000000e4600000,0x00000000e4600000,0x00000000e4b00000)
  to   space 5120K, 0% used [0x00000000e4100000,0x00000000e4100000,0x00000000e4600000)
 ParOldGen       total 68096K, used 9108K [0x00000000a0000000, 0x00000000a4280000, 0x00000000e0000000)
  object space 68096K, 13% used [0x00000000a0000000,0x00000000a08e53f8,0x00000000a4280000)
 Metaspace       used 25915K, capacity 26510K, committed 26800K, reserved 1073152K
  class space    used 3560K, capacity 3721K, committed 3760K, reserved 1048576K
Event: 6.819 GC heap after
Heap after GC invocations=6 (full 1):
 PSYoungGen      total 71680K, used 5095K [0x00000000e0000000, 0x00000000e7080000, 0x0000000100000000)
  eden space 66560K, 0% used [0x00000000e0000000,0x00000000e0000000,0x00000000e4100000)
  from space 5120K, 99% used [0x00000000e4100000,0x00000000e45f9fb8,0x00000000e4600000)
  to   space 11264K, 0% used [0x00000000e6580000,0x00000000e6580000,0x00000000e7080000)
 ParOldGen       total 68096K, used 11927K [0x00000000a0000000, 0x00000000a4280000, 0x00000000e0000000)
  object space 68096K, 17% used [0x00000000a0000000,0x00000000a0ba5da8,0x00000000a4280000)
 Metaspace       used 25915K, capacity 26510K, committed 26800K, reserved 1073152K
  class space    used 3560K, capacity 3721K, committed 3760K, reserved 1048576K
}
Event: 10.683 GC heap before
{Heap before GC invocations=7 (full 1):
 PSYoungGen      total 71680K, used 71655K [0x00000000e0000000, 0x00000000e7080000, 0x0000000100000000)
  eden space 66560K, 100% used [0x00000000e0000000,0x00000000e4100000,0x00000000e4100000)
  from space 5120K, 99% used [0x00000000e4100000,0x00000000e45f9fb8,0x00000000e4600000)
  to   space 11264K, 0% used [0x00000000e6580000,0x00000000e6580000,0x00000000e7080000)
 ParOldGen       total 68096K, used 11927K [0x00000000a0000000, 0x00000000a4280000, 0x00000000e0000000)
  object space 68096K, 17% used [0x00000000a0000000,0x00000000a0ba5da8,0x00000000a4280000)
 Metaspace       used 28869K, capacity 29552K, committed 29744K, reserved 1075200K
  class space    used 3925K, capacity 4114K, committed 4144K, reserved 1048576K
Event: 10.695 GC heap after
Heap after GC invocations=7 (full 1):
 PSYoungGen      total 95744K, used 6547K [0x00000000e0000000, 0x00000000e6c00000, 0x0000000100000000)
  eden space 89088K, 0% used [0x00000000e0000000,0x00000000e0000000,0x00000000e5700000)
  from space 6656K, 98% used [0x00000000e6580000,0x00000000e6be4dd0,0x00000000e6c00000)
  to   space 10752K, 0% used [0x00000000e5700000,0x00000000e5700000,0x00000000e6180000)
 ParOldGen       total 68096K, used 11935K [0x00000000a0000000, 0x00000000a4280000, 0x00000000e0000000)
  object space 68096K, 17% used [0x00000000a0000000,0x00000000a0ba7da8,0x00000000a4280000)
 Metaspace       used 28869K, capacity 29552K, committed 29744K, reserved 1075200K
  class space    used 3925K, capacity 4114K, committed 4144K, reserved 1048576K
}
Event: 17.708 GC heap before
{Heap before GC invocations=8 (full 1):
 PSYoungGen      total 95744K, used 95635K [0x00000000e0000000, 0x00000000e6c00000, 0x0000000100000000)
  eden space 89088K, 100% used [0x00000000e0000000,0x00000000e5700000,0x00000000e5700000)
  from space 6656K, 98% used [0x00000000e6580000,0x00000000e6be4dd0,0x00000000e6c00000)
  to   space 10752K, 0% used [0x00000000e5700000,0x00000000e5700000,0x00000000e6180000)
 ParOldGen       total 68096K, used 11935K [0x00000000a0000000, 0x00000000a4280000, 0x00000000e0000000)
  object space 68096K, 17% used [0x00000000a0000000,0x00000000a0ba7da8,0x00000000a4280000)
 Metaspace       used 33585K, capacity 34462K, committed 34736K, reserved 1079296K
  class space    used 4502K, capacity 4732K, committed 4784K, reserved 1048576K
Event: 17.740 GC heap after
Heap after GC invocations=8 (full 1):
 PSYoungGen      total 99840K, used 10505K [0x00000000e0000000, 0x00000000e8900000, 0x0000000100000000)
  eden space 89088K, 0% used [0x00000000e0000000,0x00000000e0000000,0x00000000e5700000)
  from space 10752K, 97% used [0x00000000e5700000,0x00000000e61425d8,0x00000000e6180000)
  to   space 11776K, 0% used [0x00000000e7d80000,0x00000000e7d80000,0x00000000e8900000)
 ParOldGen       total 68096K, used 12015K [0x00000000a0000000, 0x00000000a4280000, 0x00000000e0000000)
  object space 68096K, 17% used [0x00000000a0000000,0x00000000a0bbbdd0,0x00000000a4280000)
 Metaspace       used 33585K, capacity 34462K, committed 34736K, reserved 1079296K
  class space    used 4502K, capacity 4732K, committed 4784K, reserved 1048576K
}
Event: 18.037 GC heap before
{Heap before GC invocations=9 (full 1):
 PSYoungGen      total 99840K, used 27163K [0x00000000e0000000, 0x00000000e8900000, 0x0000000100000000)
  eden space 89088K, 18% used [0x00000000e0000000,0x00000000e1044790,0x00000000e5700000)
  from space 10752K, 97% used [0x00000000e5700000,0x00000000e61425d8,0x00000000e6180000)
  to   space 11776K, 0% used [0x00000000e7d80000,0x00000000e7d80000,0x00000000e8900000)
 ParOldGen       total 68096K, used 12015K [0x00000000a0000000, 0x00000000a4280000, 0x00000000e0000000)
  object space 68096K, 17% used [0x00000000a0000000,0x00000000a0bbbdd0,0x00000000a4280000)
 Metaspace       used 34502K, capacity 35274K, committed 35496K, reserved 1079296K
  class space    used 4629K, capacity 4830K, committed 4912K, reserved 1048576K
Event: 18.050 GC heap after
Heap after GC invocations=9 (full 1):
 PSYoungGen      total 128512K, used 7785K [0x00000000e0000000, 0x00000000e9700000, 0x0000000100000000)
  eden space 116736K, 0% used [0x00000000e0000000,0x00000000e0000000,0x00000000e7200000)
  from space 11776K, 66% used [0x00000000e7d80000,0x00000000e851a630,0x00000000e8900000)
  to   space 11776K, 0% used [0x00000000e7200000,0x00000000e7200000,0x00000000e7d80000)
 ParOldGen       total 68096K, used 12023K [0x00000000a0000000, 0x00000000a4280000, 0x00000000e0000000)
  object space 68096K, 17% used [0x00000000a0000000,0x00000000a0bbddd0,0x00000000a4280000)
 Metaspace       used 34502K, capacity 35274K, committed 35496K, reserved 1079296K
  class space    used 4629K, capacity 4830K, committed 4912K, reserved 1048576K
}
Event: 18.050 GC heap before
{Heap before GC invocations=10 (full 2):
 PSYoungGen      total 128512K, used 7785K [0x00000000e0000000, 0x00000000e9700000, 0x0000000100000000)
  eden space 116736K, 0% used [0x00000000e0000000,0x00000000e0000000,0x00000000e7200000)
  from space 11776K, 66% used [0x00000000e7d80000,0x00000000e851a630,0x00000000e8900000)
  to   space 11776K, 0% used [0x00000000e7200000,0x00000000e7200000,0x00000000e7d80000)
 ParOldGen       total 68096K, used 12023K [0x00000000a0000000, 0x00000000a4280000, 0x00000000e0000000)
  object space 68096K, 17% used [0x00000000a0000000,0x00000000a0bbddd0,0x00000000a4280000)
 Metaspace       used 34502K, capacity 35274K, committed 35496K, reserved 1079296K
  class space    used 4629K, capacity 4830K, committed 4912K, reserved 1048576K
Event: 18.180 GC heap after
Heap after GC invocations=10 (full 2):
 PSYoungGen      total 128512K, used 0K [0x00000000e0000000, 0x00000000e9700000, 0x0000000100000000)
  eden space 116736K, 0% used [0x00000000e0000000,0x00000000e0000000,0x00000000e7200000)
  from space 11776K, 0% used [0x00000000e7d80000,0x00000000e7d80000,0x00000000e8900000)
  to   space 11776K, 0% used [0x00000000e7200000,0x00000000e7200000,0x00000000e7d80000)
 ParOldGen       total 99328K, used 15488K [0x00000000a0000000, 0x00000000a6100000, 0x00000000e0000000)
  object space 99328K, 15% used [0x00000000a0000000,0x00000000a0f20078,0x00000000a6100000)
 Metaspace       used 34502K, capacity 35274K, committed 35496K, reserved 1079296K
  class space    used 4629K, capacity 4830K, committed 4912K, reserved 1048576K
}

