# JRE version: OpenJDK Runtime Environment (8.0_76-b03) (build 1.8.0_76-release-b03)
# Java VM: OpenJDK 64-Bit Server VM (25.76-b03 mixed mode windows-amd64 compressed oops)
Heap:
 PSYoungGen      total 244736K, used 150529K [0x00000000e0000000, 0x00000000f1600000, 0x0000000100000000)
  eden space 209920K, 61% used [0x00000000e0000000,0x00000000e7e446a8,0x00000000ecd00000)
  from space 34816K, 60% used [0x00000000ef400000,0x00000000f08bc070,0x00000000f1600000)
  to   space 37376K, 0% used [0x00000000ecd00000,0x00000000ecd00000,0x00000000ef180000)
 ParOldGen       total 102400K, used 61296K [0x00000000a0000000, 0x00000000a6400000, 0x00000000e0000000)
  object space 102400K, 59% used [0x00000000a0000000,0x00000000a3bdc218,0x00000000a6400000)
 Metaspace       used 58529K, capacity 62428K, committed 62592K, reserved 1103872K
  class space    used 7820K, capacity 8545K, committed 8576K, reserved 1048576K
GC Heap History (10 events):
Event: 17.173 GC heap before
{Heap before GC invocations=19 (full 3):
 PSYoungGen      total 184320K, used 25588K [0x00000000e0000000, 0x00000000edf00000, 0x0000000100000000)
  eden space 158720K, 0% used [0x00000000e0000000,0x00000000e0000000,0x00000000e9b00000)
  from space 25600K, 99% used [0x00000000eba00000,0x00000000ed2fd230,0x00000000ed300000)
  to   space 31744K, 0% used [0x00000000e9b00000,0x00000000e9b00000,0x00000000eba00000)
 ParOldGen       total 102400K, used 42324K [0x00000000a0000000, 0x00000000a6400000, 0x00000000e0000000)
  object space 102400K, 41% used [0x00000000a0000000,0x00000000a29551b0,0x00000000a6400000)
 Metaspace       used 55351K, capacity 57966K, committed 57984K, reserved 1099776K
  class space    used 7503K, capacity 8062K, committed 8064K, reserved 1048576K
Event: 17.616 GC heap after
Heap after GC invocations=19 (full 3):
 PSYoungGen      total 184320K, used 0K [0x00000000e0000000, 0x00000000edf00000, 0x0000000100000000)
  eden space 158720K, 0% used [0x00000000e0000000,0x00000000e0000000,0x00000000e9b00000)
  from space 25600K, 0% used [0x00000000eba00000,0x00000000eba00000,0x00000000ed300000)
  to   space 31744K, 0% used [0x00000000e9b00000,0x00000000e9b00000,0x00000000eba00000)
 ParOldGen       total 102400K, used 61264K [0x00000000a0000000, 0x00000000a6400000, 0x00000000e0000000)
  object space 102400K, 59% used [0x00000000a0000000,0x00000000a3bd4218,0x00000000a6400000)
 Metaspace       used 55351K, capacity 57966K, committed 57984K, reserved 1099776K
  class space    used 7503K, capacity 8062K, committed 8064K, reserved 1048576K
}
Event: 26.314 GC heap before
{Heap before GC invocations=20 (full 3):
 PSYoungGen      total 184320K, used 158720K [0x00000000e0000000, 0x00000000edf00000, 0x0000000100000000)
  eden space 158720K, 100% used [0x00000000e0000000,0x00000000e9b00000,0x00000000e9b00000)
  from space 25600K, 0% used [0x00000000eba00000,0x00000000eba00000,0x00000000ed300000)
  to   space 31744K, 0% used [0x00000000e9b00000,0x00000000e9b00000,0x00000000eba00000)
 ParOldGen       total 102400K, used 61264K [0x00000000a0000000, 0x00000000a6400000, 0x00000000e0000000)
  object space 102400K, 59% used [0x00000000a0000000,0x00000000a3bd4218,0x00000000a6400000)
 Metaspace       used 56070K, capacity 58934K, committed 59136K, reserved 1099776K
  class space    used 7546K, capacity 8158K, committed 8192K, reserved 1048576K
Event: 26.327 GC heap after
Heap after GC invocations=20 (full 3):
 PSYoungGen      total 190464K, used 9344K [0x00000000e0000000, 0x00000000efd00000, 0x0000000100000000)
  eden space 158720K, 0% used [0x00000000e0000000,0x00000000e0000000,0x00000000e9b00000)
  from space 31744K, 29% used [0x00000000e9b00000,0x00000000ea420000,0x00000000eba00000)
  to   space 30720K, 0% used [0x00000000edf00000,0x00000000edf00000,0x00000000efd00000)
 ParOldGen       total 102400K, used 61272K [0x00000000a0000000, 0x00000000a6400000, 0x00000000e0000000)
  object space 102400K, 59% used [0x00000000a0000000,0x00000000a3bd6218,0x00000000a6400000)
 Metaspace       used 56070K, capacity 58934K, committed 59136K, reserved 1099776K
  class space    used 7546K, capacity 8158K, committed 8192K, reserved 1048576K
}
Event: 31.309 GC heap before
{Heap before GC invocations=21 (full 3):
 PSYoungGen      total 190464K, used 168064K [0x00000000e0000000, 0x00000000efd00000, 0x0000000100000000)
  eden space 158720K, 100% used [0x00000000e0000000,0x00000000e9b00000,0x00000000e9b00000)
  from space 31744K, 29% used [0x00000000e9b00000,0x00000000ea420000,0x00000000eba00000)
  to   space 30720K, 0% used [0x00000000edf00000,0x00000000edf00000,0x00000000efd00000)
 ParOldGen       total 102400K, used 61272K [0x00000000a0000000, 0x00000000a6400000, 0x00000000e0000000)
  object space 102400K, 59% used [0x00000000a0000000,0x00000000a3bd6218,0x00000000a6400000)
 Metaspace       used 57456K, capacity 60510K, committed 60544K, reserved 1101824K
  class space    used 7685K, capacity 8318K, committed 8320K, reserved 1048576K
Event: 31.357 GC heap after
Heap after GC invocations=21 (full 3):
 PSYoungGen      total 205824K, used 22484K [0x00000000e0000000, 0x00000000ef500000, 0x0000000100000000)
  eden space 183296K, 0% used [0x00000000e0000000,0x00000000e0000000,0x00000000eb300000)
  from space 22528K, 99% used [0x00000000edf00000,0x00000000ef4f51f0,0x00000000ef500000)
  to   space 32768K, 0% used [0x00000000eb500000,0x00000000eb500000,0x00000000ed500000)
 ParOldGen       total 102400K, used 61280K [0x00000000a0000000, 0x00000000a6400000, 0x00000000e0000000)
  object space 102400K, 59% used [0x00000000a0000000,0x00000000a3bd8218,0x00000000a6400000)
 Metaspace       used 57456K, capacity 60510K, committed 60544K, reserved 1101824K
  class space    used 7685K, capacity 8318K, committed 8320K, reserved 1048576K
}
Event: 34.200 GC heap before
{Heap before GC invocations=22 (full 3):
 PSYoungGen      total 205824K, used 205780K [0x00000000e0000000, 0x00000000ef500000, 0x0000000100000000)
  eden space 183296K, 100% used [0x00000000e0000000,0x00000000eb300000,0x00000000eb300000)
  from space 22528K, 99% used [0x00000000edf00000,0x00000000ef4f51f0,0x00000000ef500000)
  to   space 32768K, 0% used [0x00000000eb500000,0x00000000eb500000,0x00000000ed500000)
 ParOldGen       total 102400K, used 61280K [0x00000000a0000000, 0x00000000a6400000, 0x00000000e0000000)
  object space 102400K, 59% used [0x00000000a0000000,0x00000000a3bd8218,0x00000000a6400000)
 Metaspace       used 57742K, capacity 61060K, committed 61184K, reserved 1101824K
  class space    used 7728K, capacity 8389K, committed 8448K, reserved 1048576K
Event: 34.242 GC heap after
Heap after GC invocations=22 (full 3):
 PSYoungGen      total 218112K, used 32128K [0x00000000e0000000, 0x00000000f1880000, 0x0000000100000000)
  eden space 185344K, 0% used [0x00000000e0000000,0x00000000e0000000,0x00000000eb500000)
  from space 32768K, 98% used [0x00000000eb500000,0x00000000ed460020,0x00000000ed500000)
  to   space 37376K, 0% used [0x00000000ef400000,0x00000000ef400000,0x00000000f1880000)
 ParOldGen       total 102400K, used 61288K [0x00000000a0000000, 0x00000000a6400000, 0x00000000e0000000)
  object space 102400K, 59% used [0x00000000a0000000,0x00000000a3bda218,0x00000000a6400000)
 Metaspace       used 57742K, capacity 61060K, committed 61184K, reserved 1101824K
  class space    used 7728K, capacity 8389K, committed 8448K, reserved 1048576K
}
Event: 494.696 GC heap before
{Heap before GC invocations=23 (full 3):
 PSYoungGen      total 218112K, used 217472K [0x00000000e0000000, 0x00000000f1880000, 0x0000000100000000)
  eden space 185344K, 100% used [0x00000000e0000000,0x00000000eb500000,0x00000000eb500000)
  from space 32768K, 98% used [0x00000000eb500000,0x00000000ed460020,0x00000000ed500000)
  to   space 37376K, 0% used [0x00000000ef400000,0x00000000ef400000,0x00000000f1880000)
 ParOldGen       total 102400K, used 61288K [0x00000000a0000000, 0x00000000a6400000, 0x00000000e0000000)
  object space 102400K, 59% used [0x00000000a0000000,0x00000000a3bda218,0x00000000a6400000)
 Metaspace       used 58167K, capacity 61702K, committed 61952K, reserved 1103872K
  class space    used 7765K, capacity 8446K, committed 8448K, reserved 1048576K
Event: 494.741 GC heap after
Heap after GC invocations=23 (full 3):
 PSYoungGen      total 244736K, used 21232K [0x00000000e0000000, 0x00000000f1600000, 0x0000000100000000)
  eden space 209920K, 0% used [0x00000000e0000000,0x00000000e0000000,0x00000000ecd00000)
  from space 34816K, 60% used [0x00000000ef400000,0x00000000f08bc070,0x00000000f1600000)
  to   space 37376K, 0% used [0x00000000ecd00000,0x00000000ecd00000,0x00000000ef180000)
 ParOldGen       total 102400K, used 61296K [0x00000000a0000000, 0x00000000a6400000, 0x00000000e0000000)
  object space 102400K, 59% used [0x00000000a0000000,0x00000000a3bdc218,0x00000000a6400000)
 Metaspace       used 58167K, capacity 61702K, committed 61952K, reserved 1103872K
  class space    used 7765K, capacity 8446K, committed 8448K, reserved 1048576K
}

