# JRE version: OpenJDK Runtime Environment (8.0_76-b03) (build 1.8.0_76-release-b03)
# Java VM: OpenJDK 64-Bit Server VM (25.76-b03 mixed mode windows-amd64 compressed oops)
Heap:
 PSYoungGen      total 90624K, used 33036K [0x00000000e0000000, 0x00000000e6f00000, 0x0000000100000000)
  eden space 70144K, 17% used [0x00000000e0000000,0x00000000e0c4ae28,0x00000000e4480000)
  from space 20480K, 99% used [0x00000000e4480000,0x00000000e58783d0,0x00000000e5880000)
  to   space 17408K, 0% used [0x00000000e5880000,0x00000000e5880000,0x00000000e6980000)
 ParOldGen       total 77312K, used 30757K [0x00000000a0000000, 0x00000000a4b80000, 0x00000000e0000000)
  object space 77312K, 39% used [0x00000000a0000000,0x00000000a1e09508,0x00000000a4b80000)
 Metaspace       used 48754K, capacity 50290K, committed 50432K, reserved 1093632K
  class space    used 6518K, capacity 6863K, committed 6912K, reserved 1048576K
GC Heap History (10 events):
Event: 55.125 GC heap before
{Heap before GC invocations=15 (full 2):
 PSYoungGen      total 69632K, used 61602K [0x00000000e0000000, 0x00000000e5000000, 0x0000000100000000)
  eden space 57344K, 100% used [0x00000000e0000000,0x00000000e3800000,0x00000000e3800000)
  from space 12288K, 34% used [0x00000000e4400000,0x00000000e4828840,0x00000000e5000000)
  to   space 12288K, 0% used [0x00000000e3800000,0x00000000e3800000,0x00000000e4400000)
 ParOldGen       total 77312K, used 19166K [0x00000000a0000000, 0x00000000a4b80000, 0x00000000e0000000)
  object space 77312K, 24% used [0x00000000a0000000,0x00000000a12b7940,0x00000000a4b80000)
 Metaspace       used 41412K, capacity 42328K, committed 42624K, reserved 1085440K
  class space    used 5537K, capacity 5700K, committed 5760K, reserved 1048576K
Event: 55.137 GC heap after
Heap after GC invocations=15 (full 2):
 PSYoungGen      total 69632K, used 8320K [0x00000000e0000000, 0x00000000e5d80000, 0x0000000100000000)
  eden space 57344K, 0% used [0x00000000e0000000,0x00000000e0000000,0x00000000e3800000)
  from space 12288K, 67% used [0x00000000e3800000,0x00000000e4020158,0x00000000e4400000)
  to   space 12800K, 0% used [0x00000000e5100000,0x00000000e5100000,0x00000000e5d80000)
 ParOldGen       total 77312K, used 19174K [0x00000000a0000000, 0x00000000a4b80000, 0x00000000e0000000)
  object space 77312K, 24% used [0x00000000a0000000,0x00000000a12b9940,0x00000000a4b80000)
 Metaspace       used 41412K, capacity 42328K, committed 42624K, reserved 1085440K
  class space    used 5537K, capacity 5700K, committed 5760K, reserved 1048576K
}
Event: 56.422 GC heap before
{Heap before GC invocations=16 (full 2):
 PSYoungGen      total 69632K, used 65664K [0x00000000e0000000, 0x00000000e5d80000, 0x0000000100000000)
  eden space 57344K, 100% used [0x00000000e0000000,0x00000000e3800000,0x00000000e3800000)
  from space 12288K, 67% used [0x00000000e3800000,0x00000000e4020158,0x00000000e4400000)
  to   space 12800K, 0% used [0x00000000e5100000,0x00000000e5100000,0x00000000e5d80000)
 ParOldGen       total 77312K, used 19174K [0x00000000a0000000, 0x00000000a4b80000, 0x00000000e0000000)
  object space 77312K, 24% used [0x00000000a0000000,0x00000000a12b9940,0x00000000a4b80000)
 Metaspace       used 44573K, capacity 45620K, committed 45696K, reserved 1089536K
  class space    used 6014K, capacity 6232K, committed 6272K, reserved 1048576K
Event: 56.450 GC heap after
Heap after GC invocations=16 (full 2):
 PSYoungGen      total 70144K, used 12671K [0x00000000e0000000, 0x00000000e5d80000, 0x0000000100000000)
  eden space 57344K, 0% used [0x00000000e0000000,0x00000000e0000000,0x00000000e3800000)
  from space 12800K, 98% used [0x00000000e5100000,0x00000000e5d5fcd0,0x00000000e5d80000)
  to   space 12288K, 0% used [0x00000000e3800000,0x00000000e3800000,0x00000000e4400000)
 ParOldGen       total 77312K, used 19182K [0x00000000a0000000, 0x00000000a4b80000, 0x00000000e0000000)
  object space 77312K, 24% used [0x00000000a0000000,0x00000000a12bb940,0x00000000a4b80000)
 Metaspace       used 44573K, capacity 45620K, committed 45696K, reserved 1089536K
  class space    used 6014K, capacity 6232K, committed 6272K, reserved 1048576K
}
Event: 60.417 GC heap before
{Heap before GC invocations=17 (full 2):
 PSYoungGen      total 70144K, used 70015K [0x00000000e0000000, 0x00000000e5d80000, 0x0000000100000000)
  eden space 57344K, 100% used [0x00000000e0000000,0x00000000e3800000,0x00000000e3800000)
  from space 12800K, 98% used [0x00000000e5100000,0x00000000e5d5fcd0,0x00000000e5d80000)
  to   space 12288K, 0% used [0x00000000e3800000,0x00000000e3800000,0x00000000e4400000)
 ParOldGen       total 77312K, used 19182K [0x00000000a0000000, 0x00000000a4b80000, 0x00000000e0000000)
  object space 77312K, 24% used [0x00000000a0000000,0x00000000a12bb940,0x00000000a4b80000)
 Metaspace       used 46320K, capacity 47402K, committed 47744K, reserved 1091584K
  class space    used 6223K, capacity 6425K, committed 6528K, reserved 1048576K
Event: 60.457 GC heap after
Heap after GC invocations=17 (full 2):
 PSYoungGen      total 69632K, used 12283K [0x00000000e0000000, 0x00000000e6980000, 0x0000000100000000)
  eden space 57344K, 0% used [0x00000000e0000000,0x00000000e0000000,0x00000000e3800000)
  from space 12288K, 99% used [0x00000000e3800000,0x00000000e43feca8,0x00000000e4400000)
  to   space 17408K, 0% used [0x00000000e5880000,0x00000000e5880000,0x00000000e6980000)
 ParOldGen       total 77312K, used 25245K [0x00000000a0000000, 0x00000000a4b80000, 0x00000000e0000000)
  object space 77312K, 32% used [0x00000000a0000000,0x00000000a18a7750,0x00000000a4b80000)
 Metaspace       used 46320K, capacity 47402K, committed 47744K, reserved 1091584K
  class space    used 6223K, capacity 6425K, committed 6528K, reserved 1048576K
}
Event: 64.606 GC heap before
{Heap before GC invocations=18 (full 2):
 PSYoungGen      total 69632K, used 69627K [0x00000000e0000000, 0x00000000e6980000, 0x0000000100000000)
  eden space 57344K, 100% used [0x00000000e0000000,0x00000000e3800000,0x00000000e3800000)
  from space 12288K, 99% used [0x00000000e3800000,0x00000000e43feca8,0x00000000e4400000)
  to   space 17408K, 0% used [0x00000000e5880000,0x00000000e5880000,0x00000000e6980000)
 ParOldGen       total 77312K, used 25245K [0x00000000a0000000, 0x00000000a4b80000, 0x00000000e0000000)
  object space 77312K, 32% used [0x00000000a0000000,0x00000000a18a7750,0x00000000a4b80000)
 Metaspace       used 47141K, capacity 48456K, committed 48640K, reserved 1091584K
  class space    used 6327K, capacity 6594K, committed 6656K, reserved 1048576K
Event: 64.640 GC heap after
Heap after GC invocations=18 (full 2):
 PSYoungGen      total 87552K, used 17403K [0x00000000e0000000, 0x00000000e6f00000, 0x0000000100000000)
  eden space 70144K, 0% used [0x00000000e0000000,0x00000000e0000000,0x00000000e4480000)
  from space 17408K, 99% used [0x00000000e5880000,0x00000000e697eca8,0x00000000e6980000)
  to   space 20480K, 0% used [0x00000000e4480000,0x00000000e4480000,0x00000000e5880000)
 ParOldGen       total 77312K, used 26070K [0x00000000a0000000, 0x00000000a4b80000, 0x00000000e0000000)
  object space 77312K, 33% used [0x00000000a0000000,0x00000000a1975870,0x00000000a4b80000)
 Metaspace       used 47141K, capacity 48456K, committed 48640K, reserved 1091584K
  class space    used 6327K, capacity 6594K, committed 6656K, reserved 1048576K
}
Event: 78.334 GC heap before
{Heap before GC invocations=19 (full 2):
 PSYoungGen      total 87552K, used 87547K [0x00000000e0000000, 0x00000000e6f00000, 0x0000000100000000)
  eden space 70144K, 100% used [0x00000000e0000000,0x00000000e4480000,0x00000000e4480000)
  from space 17408K, 99% used [0x00000000e5880000,0x00000000e697eca8,0x00000000e6980000)
  to   space 20480K, 0% used [0x00000000e4480000,0x00000000e4480000,0x00000000e5880000)
 ParOldGen       total 77312K, used 26070K [0x00000000a0000000, 0x00000000a4b80000, 0x00000000e0000000)
  object space 77312K, 33% used [0x00000000a0000000,0x00000000a1975870,0x00000000a4b80000)
 Metaspace       used 48678K, capacity 50242K, committed 50432K, reserved 1093632K
  class space    used 6510K, capacity 6855K, committed 6912K, reserved 1048576K
Event: 78.377 GC heap after
Heap after GC invocations=19 (full 2):
 PSYoungGen      total 90624K, used 20448K [0x00000000e0000000, 0x00000000e6f00000, 0x0000000100000000)
  eden space 70144K, 0% used [0x00000000e0000000,0x00000000e0000000,0x00000000e4480000)
  from space 20480K, 99% used [0x00000000e4480000,0x00000000e58783d0,0x00000000e5880000)
  to   space 17408K, 0% used [0x00000000e5880000,0x00000000e5880000,0x00000000e6980000)
 ParOldGen       total 77312K, used 30757K [0x00000000a0000000, 0x00000000a4b80000, 0x00000000e0000000)
  object space 77312K, 39% used [0x00000000a0000000,0x00000000a1e09508,0x00000000a4b80000)
 Metaspace       used 48678K, capacity 50242K, committed 50432K, reserved 1093632K
  class space    used 6510K, capacity 6855K, committed 6912K, reserved 1048576K
}

