# JRE version: OpenJDK Runtime Environment (8.0_76-b03) (build 1.8.0_76-release-b03)
# Java VM: OpenJDK 64-Bit Server VM (25.76-b03 mixed mode windows-amd64 compressed oops)
Heap:
 PSYoungGen      total 211968K, used 95215K [0x00000000e0000000, 0x00000000f1c80000, 0x0000000100000000)
  eden space 179712K, 46% used [0x00000000e0000000,0x00000000e524bd48,0x00000000eaf80000)
  from space 32256K, 33% used [0x00000000eaf80000,0x00000000eba30000,0x00000000ecf00000)
  to   space 30720K, 0% used [0x00000000efe80000,0x00000000efe80000,0x00000000f1c80000)
 ParOldGen       total 92160K, used 61256K [0x00000000a0000000, 0x00000000a5a00000, 0x00000000e0000000)
  object space 92160K, 66% used [0x00000000a0000000,0x00000000a3bd2078,0x00000000a5a00000)
 Metaspace       used 56452K, capacity 59400K, committed 59648K, reserved 1101824K
  class space    used 7569K, capacity 8181K, committed 8192K, reserved 1048576K
GC Heap History (10 events):
Event: 23.651 GC heap before
{Heap before GC invocations=16 (full 2):
 PSYoungGen      total 120320K, used 120293K [0x00000000e0000000, 0x00000000eab80000, 0x0000000100000000)
  eden space 108032K, 100% used [0x00000000e0000000,0x00000000e6980000,0x00000000e6980000)
  from space 12288K, 99% used [0x00000000e6980000,0x00000000e7579798,0x00000000e7580000)
  to   space 14848K, 0% used [0x00000000e9d00000,0x00000000e9d00000,0x00000000eab80000)
 ParOldGen       total 92160K, used 18870K [0x00000000a0000000, 0x00000000a5a00000, 0x00000000e0000000)
  object space 92160K, 20% used [0x00000000a0000000,0x00000000a126d8c0,0x00000000a5a00000)
 Metaspace       used 49354K, capacity 51166K, committed 51328K, reserved 1093632K
  class space    used 6576K, capacity 6919K, committed 7040K, reserved 1048576K
Event: 23.682 GC heap after
Heap after GC invocations=16 (full 2):
 PSYoungGen      total 155648K, used 14837K [0x00000000e0000000, 0x00000000eb400000, 0x0000000100000000)
  eden space 140800K, 0% used [0x00000000e0000000,0x00000000e0000000,0x00000000e8980000)
  from space 14848K, 99% used [0x00000000e9d00000,0x00000000eab7d778,0x00000000eab80000)
  to   space 19968K, 0% used [0x00000000e8980000,0x00000000e8980000,0x00000000e9d00000)
 ParOldGen       total 92160K, used 27107K [0x00000000a0000000, 0x00000000a5a00000, 0x00000000e0000000)
  object space 92160K, 29% used [0x00000000a0000000,0x00000000a1a78eb8,0x00000000a5a00000)
 Metaspace       used 49354K, capacity 51166K, committed 51328K, reserved 1093632K
  class space    used 6576K, capacity 6919K, committed 7040K, reserved 1048576K
}
Event: 27.668 GC heap before
{Heap before GC invocations=17 (full 2):
 PSYoungGen      total 155648K, used 155637K [0x00000000e0000000, 0x00000000eb400000, 0x0000000100000000)
  eden space 140800K, 100% used [0x00000000e0000000,0x00000000e8980000,0x00000000e8980000)
  from space 14848K, 99% used [0x00000000e9d00000,0x00000000eab7d778,0x00000000eab80000)
  to   space 19968K, 0% used [0x00000000e8980000,0x00000000e8980000,0x00000000e9d00000)
 ParOldGen       total 92160K, used 27107K [0x00000000a0000000, 0x00000000a5a00000, 0x00000000e0000000)
  object space 92160K, 29% used [0x00000000a0000000,0x00000000a1a78eb8,0x00000000a5a00000)
 Metaspace       used 53332K, capacity 55372K, committed 55424K, reserved 1097728K
  class space    used 7135K, capacity 7542K, committed 7552K, reserved 1048576K
Event: 27.713 GC heap after
Heap after GC invocations=17 (full 2):
 PSYoungGen      total 160768K, used 19968K [0x00000000e0000000, 0x00000000ee880000, 0x0000000100000000)
  eden space 140800K, 0% used [0x00000000e0000000,0x00000000e0000000,0x00000000e8980000)
  from space 19968K, 100% used [0x00000000e8980000,0x00000000e9d00000,0x00000000e9d00000)
  to   space 26112K, 0% used [0x00000000ecf00000,0x00000000ecf00000,0x00000000ee880000)
 ParOldGen       total 92160K, used 36338K [0x00000000a0000000, 0x00000000a5a00000, 0x00000000e0000000)
  object space 92160K, 39% used [0x00000000a0000000,0x00000000a237cb90,0x00000000a5a00000)
 Metaspace       used 53332K, capacity 55372K, committed 55424K, reserved 1097728K
  class space    used 7135K, capacity 7542K, committed 7552K, reserved 1048576K
}
Event: 37.959 GC heap before
{Heap before GC invocations=18 (full 2):
 PSYoungGen      total 160768K, used 112687K [0x00000000e0000000, 0x00000000ee880000, 0x0000000100000000)
  eden space 140800K, 65% used [0x00000000e0000000,0x00000000e5a8bd80,0x00000000e8980000)
  from space 19968K, 100% used [0x00000000e8980000,0x00000000e9d00000,0x00000000e9d00000)
  to   space 26112K, 0% used [0x00000000ecf00000,0x00000000ecf00000,0x00000000ee880000)
 ParOldGen       total 92160K, used 36338K [0x00000000a0000000, 0x00000000a5a00000, 0x00000000e0000000)
  object space 92160K, 39% used [0x00000000a0000000,0x00000000a237cb90,0x00000000a5a00000)
 Metaspace       used 55355K, capacity 57966K, committed 57984K, reserved 1099776K
  class space    used 7499K, capacity 8062K, committed 8064K, reserved 1048576K
Event: 38.025 GC heap after
Heap after GC invocations=18 (full 2):
 PSYoungGen      total 205824K, used 26110K [0x00000000e0000000, 0x00000000ef480000, 0x0000000100000000)
  eden space 179712K, 0% used [0x00000000e0000000,0x00000000e0000000,0x00000000eaf80000)
  from space 26112K, 99% used [0x00000000ecf00000,0x00000000ee87f8d0,0x00000000ee880000)
  to   space 32256K, 0% used [0x00000000eaf80000,0x00000000eaf80000,0x00000000ecf00000)
 ParOldGen       total 92160K, used 42192K [0x00000000a0000000, 0x00000000a5a00000, 0x00000000e0000000)
  object space 92160K, 45% used [0x00000000a0000000,0x00000000a2934330,0x00000000a5a00000)
 Metaspace       used 55355K, capacity 57966K, committed 57984K, reserved 1099776K
  class space    used 7499K, capacity 8062K, committed 8064K, reserved 1048576K
}
Event: 38.025 GC heap before
{Heap before GC invocations=19 (full 3):
 PSYoungGen      total 205824K, used 26110K [0x00000000e0000000, 0x00000000ef480000, 0x0000000100000000)
  eden space 179712K, 0% used [0x00000000e0000000,0x00000000e0000000,0x00000000eaf80000)
  from space 26112K, 99% used [0x00000000ecf00000,0x00000000ee87f8d0,0x00000000ee880000)
  to   space 32256K, 0% used [0x00000000eaf80000,0x00000000eaf80000,0x00000000ecf00000)
 ParOldGen       total 92160K, used 42192K [0x00000000a0000000, 0x00000000a5a00000, 0x00000000e0000000)
  object space 92160K, 45% used [0x00000000a0000000,0x00000000a2934330,0x00000000a5a00000)
 Metaspace       used 55355K, capacity 57966K, committed 57984K, reserved 1099776K
  class space    used 7499K, capacity 8062K, committed 8064K, reserved 1048576K
Event: 38.524 GC heap after
Heap after GC invocations=19 (full 3):
 PSYoungGen      total 205824K, used 0K [0x00000000e0000000, 0x00000000ef480000, 0x0000000100000000)
  eden space 179712K, 0% used [0x00000000e0000000,0x00000000e0000000,0x00000000eaf80000)
  from space 26112K, 0% used [0x00000000ecf00000,0x00000000ecf00000,0x00000000ee880000)
  to   space 32256K, 0% used [0x00000000eaf80000,0x00000000eaf80000,0x00000000ecf00000)
 ParOldGen       total 92160K, used 61248K [0x00000000a0000000, 0x00000000a5a00000, 0x00000000e0000000)
  object space 92160K, 66% used [0x00000000a0000000,0x00000000a3bd0078,0x00000000a5a00000)
 Metaspace       used 55355K, capacity 57966K, committed 57984K, reserved 1099776K
  class space    used 7499K, capacity 8062K, committed 8064K, reserved 1048576K
}
Event: 90.606 GC heap before
{Heap before GC invocations=20 (full 3):
 PSYoungGen      total 205824K, used 179712K [0x00000000e0000000, 0x00000000ef480000, 0x0000000100000000)
  eden space 179712K, 100% used [0x00000000e0000000,0x00000000eaf80000,0x00000000eaf80000)
  from space 26112K, 0% used [0x00000000ecf00000,0x00000000ecf00000,0x00000000ee880000)
  to   space 32256K, 0% used [0x00000000eaf80000,0x00000000eaf80000,0x00000000ecf00000)
 ParOldGen       total 92160K, used 61248K [0x00000000a0000000, 0x00000000a5a00000, 0x00000000e0000000)
  object space 92160K, 66% used [0x00000000a0000000,0x00000000a3bd0078,0x00000000a5a00000)
 Metaspace       used 56114K, capacity 59018K, committed 59136K, reserved 1099776K
  class space    used 7547K, capacity 8160K, committed 8192K, reserved 1048576K
Event: 90.630 GC heap after
Heap after GC invocations=20 (full 3):
 PSYoungGen      total 211968K, used 10944K [0x00000000e0000000, 0x00000000f1c80000, 0x0000000100000000)
  eden space 179712K, 0% used [0x00000000e0000000,0x00000000e0000000,0x00000000eaf80000)
  from space 32256K, 33% used [0x00000000eaf80000,0x00000000eba30000,0x00000000ecf00000)
  to   space 30720K, 0% used [0x00000000efe80000,0x00000000efe80000,0x00000000f1c80000)
 ParOldGen       total 92160K, used 61256K [0x00000000a0000000, 0x00000000a5a00000, 0x00000000e0000000)
  object space 92160K, 66% used [0x00000000a0000000,0x00000000a3bd2078,0x00000000a5a00000)
 Metaspace       used 56114K, capacity 59018K, committed 59136K, reserved 1099776K
  class space    used 7547K, capacity 8160K, committed 8192K, reserved 1048576K
}

