# JRE version: OpenJDK Runtime Environment (8.0_76-b03) (build 1.8.0_76-release-b03)
# Java VM: OpenJDK 64-Bit Server VM (25.76-b03 mixed mode windows-amd64 compressed oops)
Heap:
 PSYoungGen      total 91136K, used 14335K [0x00000000e0000000, 0x00000000e8200000, 0x0000000100000000)
  eden space 78336K, 1% used [0x00000000e0000000,0x00000000e01825f0,0x00000000e4c80000)
  from space 12800K, 99% used [0x00000000e4c80000,0x00000000e58fd788,0x00000000e5900000)
  to   space 16384K, 0% used [0x00000000e7200000,0x00000000e7200000,0x00000000e8200000)
 ParOldGen       total 118272K, used 22968K [0x00000000a0000000, 0x00000000a7380000, 0x00000000e0000000)
  object space 118272K, 19% used [0x00000000a0000000,0x00000000a166e3c8,0x00000000a7380000)
 Metaspace       used 50098K, capacity 51682K, committed 51888K, reserved 1093632K
  class space    used 6743K, capacity 7072K, committed 7088K, reserved 1048576K
GC Heap History (10 events):
Event: 19.804 GC heap before
{Heap before GC invocations=13 (full 2):
 PSYoungGen      total 65536K, used 54784K [0x00000000e0000000, 0x00000000e4d00000, 0x0000000100000000)
  eden space 54784K, 100% used [0x00000000e0000000,0x00000000e3580000,0x00000000e3580000)
  from space 10752K, 0% used [0x00000000e4000000,0x00000000e4000000,0x00000000e4a80000)
  to   space 10752K, 0% used [0x00000000e3580000,0x00000000e3580000,0x00000000e4000000)
 ParOldGen       total 118272K, used 15896K [0x00000000a0000000, 0x00000000a7380000, 0x00000000e0000000)
  object space 118272K, 13% used [0x00000000a0000000,0x00000000a0f860d8,0x00000000a7380000)
 Metaspace       used 38682K, capacity 39670K, committed 39856K, reserved 1083392K
  class space    used 5248K, capacity 5445K, committed 5552K, reserved 1048576K
Event: 19.813 GC heap after
Heap after GC invocations=13 (full 2):
 PSYoungGen      total 65536K, used 7208K [0x00000000e0000000, 0x00000000e5480000, 0x0000000100000000)
  eden space 54784K, 0% used [0x00000000e0000000,0x00000000e0000000,0x00000000e3580000)
  from space 10752K, 67% used [0x00000000e3580000,0x00000000e3c8a2d0,0x00000000e4000000)
  to   space 10752K, 0% used [0x00000000e4a00000,0x00000000e4a00000,0x00000000e5480000)
 ParOldGen       total 118272K, used 15904K [0x00000000a0000000, 0x00000000a7380000, 0x00000000e0000000)
  object space 118272K, 13% used [0x00000000a0000000,0x00000000a0f880d8,0x00000000a7380000)
 Metaspace       used 38682K, capacity 39670K, committed 39856K, reserved 1083392K
  class space    used 5248K, capacity 5445K, committed 5552K, reserved 1048576K
}
Event: 21.181 GC heap before
{Heap before GC invocations=14 (full 2):
 PSYoungGen      total 65536K, used 61992K [0x00000000e0000000, 0x00000000e5480000, 0x0000000100000000)
  eden space 54784K, 100% used [0x00000000e0000000,0x00000000e3580000,0x00000000e3580000)
  from space 10752K, 67% used [0x00000000e3580000,0x00000000e3c8a2d0,0x00000000e4000000)
  to   space 10752K, 0% used [0x00000000e4a00000,0x00000000e4a00000,0x00000000e5480000)
 ParOldGen       total 118272K, used 15904K [0x00000000a0000000, 0x00000000a7380000, 0x00000000e0000000)
  object space 118272K, 13% used [0x00000000a0000000,0x00000000a0f880d8,0x00000000a7380000)
 Metaspace       used 42318K, capacity 43324K, committed 43568K, reserved 1087488K
  class space    used 5642K, capacity 5878K, committed 5936K, reserved 1048576K
Event: 21.189 GC heap after
Heap after GC invocations=14 (full 2):
 PSYoungGen      total 74752K, used 8245K [0x00000000e0000000, 0x00000000e5400000, 0x0000000100000000)
  eden space 64512K, 0% used [0x00000000e0000000,0x00000000e0000000,0x00000000e3f00000)
  from space 10240K, 80% used [0x00000000e4a00000,0x00000000e520d768,0x00000000e5400000)
  to   space 10752K, 0% used [0x00000000e3f00000,0x00000000e3f00000,0x00000000e4980000)
 ParOldGen       total 118272K, used 15976K [0x00000000a0000000, 0x00000000a7380000, 0x00000000e0000000)
  object space 118272K, 13% used [0x00000000a0000000,0x00000000a0f9a0e8,0x00000000a7380000)
 Metaspace       used 42318K, capacity 43324K, committed 43568K, reserved 1087488K
  class space    used 5642K, capacity 5878K, committed 5936K, reserved 1048576K
}
Event: 21.671 GC heap before
{Heap before GC invocations=15 (full 2):
 PSYoungGen      total 74752K, used 72757K [0x00000000e0000000, 0x00000000e5400000, 0x0000000100000000)
  eden space 64512K, 100% used [0x00000000e0000000,0x00000000e3f00000,0x00000000e3f00000)
  from space 10240K, 80% used [0x00000000e4a00000,0x00000000e520d768,0x00000000e5400000)
  to   space 10752K, 0% used [0x00000000e3f00000,0x00000000e3f00000,0x00000000e4980000)
 ParOldGen       total 118272K, used 15976K [0x00000000a0000000, 0x00000000a7380000, 0x00000000e0000000)
  object space 118272K, 13% used [0x00000000a0000000,0x00000000a0f9a0e8,0x00000000a7380000)
 Metaspace       used 42572K, capacity 43614K, committed 43824K, reserved 1087488K
  class space    used 5654K, capacity 5883K, committed 5936K, reserved 1048576K
Event: 21.682 GC heap after
Heap after GC invocations=15 (full 2):
 PSYoungGen      total 75264K, used 9016K [0x00000000e0000000, 0x00000000e6400000, 0x0000000100000000)
  eden space 64512K, 0% used [0x00000000e0000000,0x00000000e0000000,0x00000000e3f00000)
  from space 10752K, 83% used [0x00000000e3f00000,0x00000000e47ce3a0,0x00000000e4980000)
  to   space 11264K, 0% used [0x00000000e5900000,0x00000000e5900000,0x00000000e6400000)
 ParOldGen       total 118272K, used 15984K [0x00000000a0000000, 0x00000000a7380000, 0x00000000e0000000)
  object space 118272K, 13% used [0x00000000a0000000,0x00000000a0f9c0e8,0x00000000a7380000)
 Metaspace       used 42572K, capacity 43614K, committed 43824K, reserved 1087488K
  class space    used 5654K, capacity 5883K, committed 5936K, reserved 1048576K
}
Event: 24.708 GC heap before
{Heap before GC invocations=16 (full 2):
 PSYoungGen      total 75264K, used 73528K [0x00000000e0000000, 0x00000000e6400000, 0x0000000100000000)
  eden space 64512K, 100% used [0x00000000e0000000,0x00000000e3f00000,0x00000000e3f00000)
  from space 10752K, 83% used [0x00000000e3f00000,0x00000000e47ce3a0,0x00000000e4980000)
  to   space 11264K, 0% used [0x00000000e5900000,0x00000000e5900000,0x00000000e6400000)
 ParOldGen       total 118272K, used 15984K [0x00000000a0000000, 0x00000000a7380000, 0x00000000e0000000)
  object space 118272K, 13% used [0x00000000a0000000,0x00000000a0f9c0e8,0x00000000a7380000)
 Metaspace       used 44546K, capacity 45938K, committed 46128K, reserved 1089536K
  class space    used 5923K, capacity 6189K, committed 6192K, reserved 1048576K
Event: 24.726 GC heap after
Heap after GC invocations=16 (full 2):
 PSYoungGen      total 89600K, used 11248K [0x00000000e0000000, 0x00000000e6600000, 0x0000000100000000)
  eden space 78336K, 0% used [0x00000000e0000000,0x00000000e0000000,0x00000000e4c80000)
  from space 11264K, 99% used [0x00000000e5900000,0x00000000e63fc290,0x00000000e6400000)
  to   space 12800K, 0% used [0x00000000e4c80000,0x00000000e4c80000,0x00000000e5900000)
 ParOldGen       total 118272K, used 17190K [0x00000000a0000000, 0x00000000a7380000, 0x00000000e0000000)
  object space 118272K, 14% used [0x00000000a0000000,0x00000000a10c9ab8,0x00000000a7380000)
 Metaspace       used 44546K, capacity 45938K, committed 46128K, reserved 1089536K
  class space    used 5923K, capacity 6189K, committed 6192K, reserved 1048576K
}
Event: 26.610 GC heap before
{Heap before GC invocations=17 (full 2):
 PSYoungGen      total 89600K, used 89584K [0x00000000e0000000, 0x00000000e6600000, 0x0000000100000000)
  eden space 78336K, 100% used [0x00000000e0000000,0x00000000e4c80000,0x00000000e4c80000)
  from space 11264K, 99% used [0x00000000e5900000,0x00000000e63fc290,0x00000000e6400000)
  to   space 12800K, 0% used [0x00000000e4c80000,0x00000000e4c80000,0x00000000e5900000)
 ParOldGen       total 118272K, used 17190K [0x00000000a0000000, 0x00000000a7380000, 0x00000000e0000000)
  object space 118272K, 14% used [0x00000000a0000000,0x00000000a10c9ab8,0x00000000a7380000)
 Metaspace       used 49984K, capacity 51586K, committed 51888K, reserved 1093632K
  class space    used 6729K, capacity 7040K, committed 7088K, reserved 1048576K
Event: 26.672 GC heap after
Heap after GC invocations=17 (full 2):
 PSYoungGen      total 91136K, used 12789K [0x00000000e0000000, 0x00000000e8200000, 0x0000000100000000)
  eden space 78336K, 0% used [0x00000000e0000000,0x00000000e0000000,0x00000000e4c80000)
  from space 12800K, 99% used [0x00000000e4c80000,0x00000000e58fd788,0x00000000e5900000)
  to   space 16384K, 0% used [0x00000000e7200000,0x00000000e7200000,0x00000000e8200000)
 ParOldGen       total 118272K, used 22968K [0x00000000a0000000, 0x00000000a7380000, 0x00000000e0000000)
  object space 118272K, 19% used [0x00000000a0000000,0x00000000a166e3c8,0x00000000a7380000)
 Metaspace       used 49984K, capacity 51586K, committed 51888K, reserved 1093632K
  class space    used 6729K, capacity 7040K, committed 7088K, reserved 1048576K
}

